Build started 01.01.2017 12:43:22.
     1>Project "C:\Users\User\Desktop\work 2.0\cpp\gameASCII\gameASCII\gameASCII.vcxproj" on node 2 (Build target(s)).
     1>ClCompile:
         C:\Program Files (x86)\Microsoft Visual Studio 12.0\VC\bin\CL.exe /c /Zi /nologo /W3 /WX- /O2 /Oi /Oy- /GL /D WIN32 /D NDEBUG /D _CONSOLE /D _LIB /Gm- /EHsc /MD /GS /Gy /fp:precise /Zc:wchar_t /Zc:forScope /Fo"Release\\" /Fd"Release\vc120.pdb" /Gd /TP /analyze- /errorReport:prompt Enemy.cpp GameSystem.cpp Item.cpp Level.cpp NPC.cpp Player.cpp Source.cpp
         Enemy.cpp
         GameSystem.cpp
         Item.cpp
         Level.cpp
     1>Level.cpp(39): warning C4018: '<' : signed/unsigned mismatch
     1>Level.cpp(40): warning C4018: '<' : signed/unsigned mismatch
     1>Level.cpp(52): warning C4305: 'argument' : truncation from 'double' to 'float'
     1>Level.cpp(53): warning C4305: 'argument' : truncation from 'double' to 'float'
     1>Level.cpp(189): warning C4018: '<' : signed/unsigned mismatch
     1>Level.cpp(251): warning C4018: '<' : signed/unsigned mismatch
     1>Level.cpp(311): warning C4018: '<' : signed/unsigned mismatch
         NPC.cpp
     1>NPC.cpp(37): warning C4018: '<' : signed/unsigned mismatch
     1>NPC.cpp(129): warning C4018: '<' : signed/unsigned mismatch
         Player.cpp
     1>Player.cpp(68): warning C4244: '*=' : conversion from 'float' to 'int', possible loss of data
     1>Player.cpp(113): warning C4018: '<' : signed/unsigned mismatch
         Source.cpp
       Link:
         C:\Program Files (x86)\Microsoft Visual Studio 12.0\VC\bin\link.exe /ERRORREPORT:PROMPT /OUT:"C:\Users\User\Desktop\work 2.0\cpp\gameASCII\Release\gameASCII.exe" /INCREMENTAL:NO /NOLOGO kernel32.lib user32.lib gdi32.lib winspool.lib comdlg32.lib advapi32.lib shell32.lib ole32.lib oleaut32.lib uuid.lib odbc32.lib odbccp32.lib /MANIFEST /MANIFESTUAC:"level='asInvoker' uiAccess='false'" /manifest:embed /DEBUG /PDB:"C:\Users\User\Desktop\work 2.0\cpp\gameASCII\Release\gameASCII.pdb" /SUBSYSTEM:CONSOLE /OPT:REF /OPT:ICF /LTCG /TLBID:1 /DYNAMICBASE /NXCOMPAT /IMPLIB:"C:\Users\User\Desktop\work 2.0\cpp\gameASCII\Release\gameASCII.lib" /MACHINE:X86 /SAFESEH Release\Enemy.obj
         Release\GameSystem.obj
         Release\Item.obj
         Release\Level.obj
         Release\NPC.obj
         Release\Player.obj
         Release\Source.obj
         Generating code
         Finished generating code
         gameASCII.vcxproj -> C:\Users\User\Desktop\work 2.0\cpp\gameASCII\Release\gameASCII.exe
     1>Done Building Project "C:\Users\User\Desktop\work 2.0\cpp\gameASCII\gameASCII\gameASCII.vcxproj" (Build target(s)).

Build succeeded.

Time Elapsed 00:00:06.74
